<?xml version="1.0" encoding="UTF-8"?>
<!-- Generated by org.testng.reporters.JUnitReportReporter -->
<testsuite skipped="0" hostname="metinemresen" name="tests.DemoTestCase3" tests="1" failures="0" timestamp="25 Oct 2019 08:23:47 GMT" time="30.413" errors="0">
  <testcase name="case001" time="30.413" classname="tests.DemoTestCase3"/>
</testsuite> <!-- tests.DemoTestCase3 -->
