<?xml version="1.0" encoding="UTF-8"?>
<!-- Generated by org.testng.reporters.JUnitReportReporter -->
<testsuite skipped="0" hostname="DESKTOP-M5V9Q92" name="tests.RegressionTestSuite.TC_Regression_001_Phase_2" tests="1" failures="0" timestamp="28 Nov 2019 12:47:31 GMT" time="131.564" errors="0">
  <testcase name="TC_Regression_001_Phase_1" time="131.564" classname="tests.RegressionTestSuite.TC_Regression_001_Phase_2"/>
</testsuite> <!-- tests.RegressionTestSuite.TC_Regression_001_Phase_2 -->
