<?xml version="1.0" encoding="UTF-8"?>
<!-- Generated by org.testng.reporters.JUnitReportReporter -->
<testsuite skipped="1" hostname="DESKTOP-M5V9Q92" name="tests.RegressionTestSuite.TC_Regression_001_Phase_4" tests="2" failures="0" timestamp="28 Nov 2019 12:47:31 GMT" time="207.101" errors="0">
  <testcase name="TC_Regression_001_Phase_1" time="34.020" classname="tests.RegressionTestSuite.TC_Regression_001_Phase_4">
    <skipped/>
  </testcase> <!-- TC_Regression_001_Phase_1 -->
  <testcase name="TC_Regression_001_Phase_1" time="173.081" classname="tests.RegressionTestSuite.TC_Regression_001_Phase_4"/>
</testsuite> <!-- tests.RegressionTestSuite.TC_Regression_001_Phase_4 -->
