<?xml version="1.0" encoding="UTF-8"?>
<!-- Generated by org.testng.reporters.JUnitReportReporter -->
<testsuite skipped="0" hostname="metinemresen" name="tests.DemoTestCase" tests="1" failures="0" timestamp="08 Nov 2019 10:07:10 GMT" time="565.634" errors="0">
  <testcase name="TC_Regression_001_Phase_1" time="565.634" classname="tests.DemoTestCase"/>
</testsuite> <!-- tests.DemoTestCase -->
